<?xml version="1.0" encoding="UTF-8"?>
<testng-results ignored="0" total="1" passed="1" failed="0" skipped="0">
  <reporter-output>
  </reporter-output>
  <suite started-at="2023-03-03T15:17:47 IST" name="Suite" finished-at="2023-03-03T15:18:05 IST" duration-ms="18246">
    <groups>
    </groups>
    <test started-at="2023-03-03T15:17:47 IST" name="Test" finished-at="2023-03-03T15:18:05 IST" duration-ms="18246">
      <class name="testcase.TC_002ApplyLeave">
        <test-method is-config="true" signature="setup(java.lang.String)[pri:0, instance:testcase.TC_002ApplyLeave@4efac082]" started-at="2023-03-03T15:17:48 IST" name="setup" finished-at="2023-03-03T15:17:53 IST" duration-ms="5266" status="PASS">
          <params>
            <param index="0">
              <value>
                <![CDATA[chrome]]>
              </value>
            </param>
          </params>
          <reporter-output>
          </reporter-output>
        </test-method> <!-- setup -->
        <test-method signature="test_applyleave()[pri:0, instance:testcase.TC_002ApplyLeave@4efac082]" started-at="2023-03-03T15:17:53 IST" name="test_applyleave" finished-at="2023-03-03T15:18:05 IST" duration-ms="12403" status="PASS">
          <reporter-output>
          </reporter-output>
        </test-method> <!-- test_applyleave -->
        <test-method is-config="true" signature="teardown()[pri:0, instance:testcase.TC_002ApplyLeave@4efac082]" started-at="2023-03-03T15:18:05 IST" name="teardown" finished-at="2023-03-03T15:18:05 IST" duration-ms="1" status="PASS">
          <reporter-output>
          </reporter-output>
        </test-method> <!-- teardown -->
      </class> <!-- testcase.TC_002ApplyLeave -->
    </test> <!-- Test -->
  </suite> <!-- Suite -->
</testng-results>
